INFO:scholarly:Getting https://scholar.google.com/scholar?hl=en&q=Cyber%20Threat%20Intelligence&as_vis=0&as_sdt=0,33
INFO:scholarly:Getting https://scholar.google.com/scholar?q=info:uoyTVWkowZoJ:scholar.google.com/&output=cite&scirp=0&hl=en
INFO:scholarly:Getting https://scholar.google.com/scholar?hl=en&q=Cyber%20Threat%20Intelligence&as_vis=0&as_sdt=0,33
INFO:scholarly:Getting https://scholar.google.com/scholar?q=info:uoyTVWkowZoJ:scholar.google.com/&output=cite&scirp=0&hl=en
INFO:scholarly:Getting https://scholar.google.com/scholar?q=info:latTAqfjL_gJ:scholar.google.com/&output=cite&scirp=1&hl=en
INFO:scholarly:Getting https://scholar.google.com/scholar?hl=en&q=Cyber%20Threat%20Intelligence&as_vis=0&as_sdt=0,33
INFO:scholarly:Getting https://scholar.google.com/scholar?hl=en&q=Cyber%20Threat%20Intelligence&as_vis=0&as_sdt=0,33
INFO:scholarly:Getting https://scholar.google.com/scholar?hl=en&q=Cyber%20Threat%20Intelligence&as_vis=0&as_sdt=0,33
INFO:scholarly:Getting https://scholar.google.com/scholar?hl=en&q=Cyber%20Threat%20Intelligence&as_vis=0&as_sdt=0,33
INFO:scholarly:Getting https://scholar.google.com/scholar?hl=en&q=Cyber%20Threat%20Intelligence&as_vis=0&as_sdt=0,33
INFO:scholarly:Getting https://scholar.google.com/scholar?q=info:uoyTVWkowZoJ:scholar.google.com/&output=cite&scirp=0&hl=en
INFO:scholarly:Getting https://scholar.google.com/scholar?q=info:latTAqfjL_gJ:scholar.google.com/&output=cite&scirp=1&hl=en
INFO:scholarly:Getting https://scholar.google.com/scholar?hl=en&q=Cyber%20Threat%20Intelligence&as_vis=0&as_sdt=0,33
INFO:scholarly:Getting https://scholar.google.com/scholar?q=info:uoyTVWkowZoJ:scholar.google.com/&output=cite&scirp=0&hl=en
INFO:scholarly:Getting https://scholar.google.com/scholar?hl=en&q=Cyber%20Threat%20Intelligence&as_vis=0&as_sdt=0,33
INFO:scholarly:Getting https://scholar.google.com/scholar?q=info:uoyTVWkowZoJ:scholar.google.com/&output=cite&scirp=0&hl=en
INFO:scholarly:Getting https://scholar.google.com/scholar?hl=en&q=Cyber%20Threat%20Intelligence&as_vis=0&as_sdt=0,33
INFO:scholarly:Getting https://scholar.google.com/scholar?q=info:uoyTVWkowZoJ:scholar.google.com/&output=cite&scirp=0&hl=en
INFO:scholarly:Getting https://scholar.google.com/scholar?hl=en&q=Cyber%20Threat%20Intelligence&as_vis=0&as_sdt=0,33
INFO:scholarly:Getting https://scholar.google.com/scholar?q=info:uoyTVWkowZoJ:scholar.google.com/&output=cite&scirp=0&hl=en
INFO:scholarly:Getting https://scholar.google.com/scholar?hl=en&q=Cyber%20Threat&as_vis=0&as_sdt=0,33
INFO:scholarly:Getting https://scholar.google.com/scholar?q=info:JXrrsgg79l0J:scholar.google.com/&output=cite&scirp=0&hl=en
INFO:scholarly:Getting https://scholar.google.com/scholar?hl=en&q=CyberThreat&as_vis=0&as_sdt=0,33
INFO:scholarly:Getting https://scholar.google.com/scholar?q=info:JXrrsgg79l0J:scholar.google.com/&output=cite&scirp=0&hl=en
INFO:scholarly:Getting https://scholar.google.com/scholar?hl=en&q=Cyber%20Threat%20Intelligence&as_vis=0&as_sdt=0,33
INFO:scholarly:Getting https://scholar.google.com/scholar?q=info:uoyTVWkowZoJ:scholar.google.com/&output=cite&scirp=0&hl=en
INFO:scholarly:Getting https://scholar.google.com/scholar?hl=en&q=Cyber%20Threat%20Intelligence&as_vis=0&as_sdt=0,33
INFO:scholarly:Getting https://scholar.google.com/scholar?q=info:uoyTVWkowZoJ:scholar.google.com/&output=cite&scirp=0&hl=en
INFO:scholarly:Getting https://scholar.google.com/scholar?hl=en&q=Cyber%20Threat%20Intelligence&as_vis=0&as_sdt=0,33
INFO:scholarly:Getting https://scholar.google.com/scholar?q=info:uoyTVWkowZoJ:scholar.google.com/&output=cite&scirp=0&hl=en
INFO:scholarly:Getting https://scholar.google.com/scholar?hl=en&q=Cyber%20Threat%20Intelligence&as_vis=0&as_sdt=0,33
INFO:scholarly:Getting https://scholar.google.com/scholar?q=info:uoyTVWkowZoJ:scholar.google.com/&output=cite&scirp=0&hl=en
INFO:scholarly:Getting https://scholar.google.com/scholar?hl=en&q=Cyber%20Threat%20Intelligence&as_vis=0&as_sdt=0,33
INFO:scholarly:Getting https://scholar.google.com/scholar?q=info:uoyTVWkowZoJ:scholar.google.com/&output=cite&scirp=0&hl=en
INFO:scholarly:Response code 403.
                                    Retrying...
INFO:scholarly:Response code 403.
                                    Retrying...
INFO:scholarly:Response code 403.
                                    Retrying...
INFO:scholarly:Response code 403.
                                    Retrying...
INFO:scholarly:Response code 403.
                                    Retrying...
INFO:scholarly:Getting https://scholar.google.com/scholar?hl=en&q=Cyber%20Threat%20Intelligence&as_vis=0&as_sdt=0,33
INFO:scholarly:Got a CAPTCHA. Retrying.
INFO:scholarly:Got a CAPTCHA. Retrying.
INFO:scholarly:Got a CAPTCHA. Retrying.
INFO:scholarly:Got a CAPTCHA. Retrying.
INFO:scholarly:Got a CAPTCHA. Retrying.
INFO:scholarly:Getting https://scholar.google.com/scholar?hl=en&q=Cyber%20Threat%20Intelligence&as_vis=0&as_sdt=0,33
INFO:scholarly:Got a CAPTCHA. Retrying.
INFO:scholarly:Got a CAPTCHA. Retrying.
INFO:scholarly:Got a CAPTCHA. Retrying.
INFO:scholarly:Got a CAPTCHA. Retrying.
INFO:scholarly:Got a CAPTCHA. Retrying.
INFO:scholarly:Getting https://scholar.google.com/scholar?hl=en&q=Cyber%20Threat%20Intelligence&as_vis=0&as_sdt=0,33
INFO:scholarly:Got a CAPTCHA. Retrying.
INFO:scholarly:Got a CAPTCHA. Retrying.
INFO:scholarly:Got a CAPTCHA. Retrying.
INFO:scholarly:Got a CAPTCHA. Retrying.
INFO:scholarly:Got a CAPTCHA. Retrying.
INFO:scholarly:Proxy works!
INFO:scholarly:Enabling proxies: http=http://3.136.226.213:3128 https=http://3.136.226.213:3128
INFO:scholarly:Getting https://scholar.google.com/scholar?hl=en&q=Cyber%20Threat%20Intelligence&as_vis=0&as_sdt=0,33
INFO:scholarly:Response code 403.
                                    Retrying...
INFO:scholarly:Response code 403.
                                    Retrying...
INFO:scholarly:Response code 403.
                                    Retrying...
INFO:scholarly:Response code 403.
                                    Retrying...
INFO:scholarly:Response code 403.
                                    Retrying...
INFO:scholarly:Proxy works!
INFO:scholarly:Enabling proxies: http=http://209.41.69.101:3128 https=http://209.41.69.101:3128
INFO:scholarly:Getting https://scholar.google.com/scholar?hl=en&q=Cyber%20Threat%20Intelligence&as_vis=0&as_sdt=0,33
INFO:scholarly:Got a CAPTCHA. Retrying.
INFO:scholarly:Got a CAPTCHA. Retrying.
INFO:scholarly:Got a CAPTCHA. Retrying.
INFO:scholarly:Got a CAPTCHA. Retrying.
INFO:scholarly:Got a CAPTCHA. Retrying.
INFO:scholarly:Proxy works!
INFO:scholarly:Enabling proxies: http=http://64.188.3.162:3128 https=http://64.188.3.162:3128
INFO:scholarly:Getting https://scholar.google.com/scholar?hl=en&q=Cyber%20Threat%20Intelligence&as_vis=0&as_sdt=0,33
INFO:scholarly:Response code 429.
                                    Retrying...
INFO:scholarly:Response code 429.
                                    Retrying...
INFO:scholarly:Response code 429.
                                    Retrying...
INFO:scholarly:Response code 429.
                                    Retrying...
INFO:scholarly:Response code 429.
                                    Retrying...
INFO:scholarly:Proxy works!
INFO:scholarly:Enabling proxies: http=http://209.41.69.101:3128 https=http://209.41.69.101:3128
INFO:scholarly:Getting https://scholar.google.com/scholar?hl=en&q=Cyber%20Threat%20Intelligence&as_vis=0&as_sdt=0,33
INFO:scholarly:Got a CAPTCHA. Retrying.
INFO:scholarly:Got a CAPTCHA. Retrying.
INFO:scholarly:Got a CAPTCHA. Retrying.
INFO:scholarly:Got a CAPTCHA. Retrying.
INFO:scholarly:Got a CAPTCHA. Retrying.
INFO:scholarly:Proxy works!
INFO:scholarly:Enabling proxies: http=http://209.41.69.101:3128 https=http://209.41.69.101:3128
INFO:scholarly:Getting https://scholar.google.com/scholar?hl=en&q=Cyber%20Threat%20Intelligence&as_vis=0&as_sdt=0,33
INFO:scholarly:Got a CAPTCHA. Retrying.
INFO:scholarly:Got a CAPTCHA. Retrying.
INFO:scholarly:Got a CAPTCHA. Retrying.
INFO:scholarly:Got a CAPTCHA. Retrying.
INFO:scholarly:Got a CAPTCHA. Retrying.
INFO:scholarly:Proxy works!
INFO:scholarly:Enabling proxies: http=http://64.188.3.162:3128 https=http://64.188.3.162:3128
INFO:scholarly:Getting https://scholar.google.com/scholar?hl=en&q=Cyber%20Threat%20Intelligence&as_vis=0&as_sdt=0,33
INFO:scholarly:Response code 429.
                                    Retrying...
INFO:scholarly:Response code 429.
                                    Retrying...
INFO:scholarly:Response code 429.
                                    Retrying...
INFO:scholarly:Exception HTTPSConnectionPool(host='www.google.com', port=443): Max retries exceeded with url: /sorry/index?continue=https://scholar.google.com/scholar%3Fhl%3Den%26q%3DCyber%2520Threat%2520Intelligence%26as_vis%3D0%26as_sdt%3D0,33&hl=en&q=EgRAvAOiGJT8-PYFIhkA8aeDS7ZrBYnAPBA8DeI5QScLCWERj_UhMgFy (Caused by ConnectTimeoutError(<urllib3.connection.HTTPSConnection object at 0x040E98E0>, 'Connection to 64.188.3.162 timed out. (connect timeout=10)')) while fetching page. Retrying.
INFO:scholarly:Response code 429.
                                    Retrying...
